<?xml version="1.0" encoding="UTF-8"?>
<robot generator="Robot 3.1.2 (Python 3.6.9 on linux)" generated="20200305 19:14:06.372" rpa="false">
<suite id="s1" name="Database Testing" source="/home/admin1/Demo1/PycharmProjects/robotframework[selenium]/testcases/database_testing.robot">
<kw name="Connect To Database" type="setup">
<arguments>
<arg>pymysql</arg>
<arg>${db_host}</arg>
<arg>${db_user}</arg>
<arg>${db_pass}</arg>
<arg>${db_name}</arg>
</arguments>
<msg timestamp="20200305 19:14:06.396" level="FAIL">No keyword with name 'Connect To Database' found.</msg>
<status status="FAIL" starttime="20200305 19:14:06.396" endtime="20200305 19:14:06.396"></status>
</kw>
<test id="s1-t1" name="Create Person table">
<status status="FAIL" starttime="20200305 19:14:06.396" endtime="20200305 19:14:06.397" critical="yes">Parent suite setup failed:
No keyword with name 'Connect To Database' found.</status>
</test>
<kw name="Disconnect From Database" type="teardown">
<msg timestamp="20200305 19:14:06.398" level="FAIL">No keyword with name 'Disconnect From Database' found.</msg>
<status status="FAIL" starttime="20200305 19:14:06.398" endtime="20200305 19:14:06.398">No keyword with name 'Disconnect From Database' found.</status>
</kw>
<status status="FAIL" starttime="20200305 19:14:06.373" endtime="20200305 19:14:06.398">Suite setup failed:
No keyword with name 'Connect To Database' found.

Also suite teardown failed:
No keyword with name 'Disconnect From Database' found.</status>
</suite>
<statistics>
<total>
<stat pass="0" fail="1">Critical Tests</stat>
<stat pass="0" fail="1">All Tests</stat>
</total>
<tag>
</tag>
<suite>
<stat pass="0" fail="1" id="s1" name="Database Testing">Database Testing</stat>
</suite>
</statistics>
<errors>
<msg timestamp="20200305 19:14:06.388" level="ERROR">Error in file '/home/admin1/Demo1/PycharmProjects/robotframework[selenium]/testcases/database_testing.robot': Importing test library 'DatabaseLibrary' failed: ModuleNotFoundError: No module named 'DatabaseLibrary'
Traceback (most recent call last):
  None
PYTHONPATH:
  /home/admin1/Demo1/PycharmProjects/robotframework[selenium]/env-framework/bin
  /usr/lib/python36.zip
  /usr/lib/python3.6
  /usr/lib/python3.6/lib-dynload
  /home/admin1/Demo1/PycharmProjects/robotframework[selenium]/env-framework/lib/python3.6/site-packages</msg>
</errors>
</robot>
